                   label = final_new
                strategy = final
               data_path = ../data/geometry3k
    text_logic_form_path = /root/data/songbing/InterGPS-main/text_parser/text_logic_forms.json
 diagram_logic_form_path = /root/data/songbing/InterGPS-main/diagram_parser/diagram_logic_forms_pred.json
           use_annotated = False
            predict_path = /root/data/songbing/InterGPS-main/GA/merge_GA_and_gene_seq.json
             start_index = 2420
               end_index = 2520
              time_limit = 150
             num_threads = 20
               low_first = True
              step_limit = 100
              debug_mode = False
            enable_round = False
          enable_predict = True

{'pid': 2420, 'target': ['Value', 'D', 'E'], 'guess': None, 'correctness': 'no', 'steps': 37, 'step_lst': [16, 17, 17, 1, 2, 3, 4, 5, 6, 7, 8, 9, 10, 11, 12, 13, 14, 15, 16, 17, 1, 2, 3, 4, 5, 6, 7, 8, 9, 10, 11, 12, 13, 14, 15, 16, 17], 'time': 7.57}
{'pid': 2421, 'target': ['Perimeter', 'A', 'C', 'B', 'D'], 'guess': 64.0, 'correctness': 'yes', 'steps': 0, 'step_lst': [], 'time': 0.33}
{'pid': 2422, 'target': ['Value', 'arc_length', 'C', 'B', 'A'], 'guess': None, 'correctness': 'no', 'steps': 38, 'step_lst': [2, 2, 10, 3, 5, 5, 2, 5, 1, 10, 1, 2, 3, 4, 5, 6, 7, 8, 9, 10, 11, 1, 2, 3, 4, 5, 6, 7, 8, 9, 10, 11, 12, 13, 14, 15, 16, 17], 'time': 4.27}
{'pid': 2423, 'target': ['Value', 'A', 'B'], 'guess': 7.0, 'correctness': 'yes', 'steps': 1, 'step_lst': [17], 'time': 1.37}
{'pid': 2424, 'target': ['Value', 'B', 'G', 'E'], 'guess': 60.0, 'correctness': 'yes', 'steps': 0, 'step_lst': [], 'time': 1.56}
{'pid': 2425, 'target': ['Value', 'x'], 'guess': 69.75539146913174, 'correctness': 'yes', 'steps': 3, 'step_lst': [10, 1, 17], 'time': 2.34}
{'pid': 2426, 'target': ['Value', 'x'], 'guess': None, 'correctness': 'no', 'steps': 106, 'step_lst': [1, 10, 14, 16, 1, 2, 3, 4, 5, 6, 7, 8, 9, 10, 11, 12, 13, 14, 15, 16, 17, 1, 2, 3, 4, 5, 6, 7, 8, 9, 10, 11, 12, 13, 14, 15, 16, 17, 1, 2, 3, 4, 5, 6, 7, 8, 9, 10, 11, 12, 13, 14, 15, 16, 17, 1, 2, 3, 4, 5, 6, 7, 8, 9, 10, 11, 12, 13, 14, 15, 16, 17, 1, 2, 3, 4, 5, 6, 7, 8, 9, 10, 11, 12, 13, 14, 15, 16, 17, 1, 2, 3, 4, 5, 6, 7, 8, 9, 10, 11, 12, 13, 14, 15, 16, 17], 'time': 2.33}
{'pid': 2427, 'target': None, 'guess': None, 'correctness': 'no', 'steps': 0, 'step_lst': [], 'time': 2.42}
{'pid': 2428, 'target': None, 'guess': None, 'correctness': 'no', 'steps': 0, 'step_lst': [], 'time': 2.32}
{'pid': 2429, 'target': ['Area', 'A', 'B', 'D', 'C'], 'guess': None, 'correctness': 'no', 'steps': 109, 'step_lst': [1, 2, 13, 10, 17, 16, 17, 1, 2, 3, 4, 5, 6, 7, 8, 9, 10, 11, 12, 13, 14, 15, 16, 17, 1, 2, 3, 4, 5, 6, 7, 8, 9, 10, 11, 12, 13, 14, 15, 16, 17, 1, 2, 3, 4, 5, 6, 7, 8, 9, 10, 11, 12, 13, 14, 15, 16, 17, 1, 2, 3, 4, 5, 6, 7, 8, 9, 10, 11, 12, 13, 14, 15, 16, 17, 1, 2, 3, 4, 5, 6, 7, 8, 9, 10, 11, 12, 13, 14, 15, 16, 17, 1, 2, 3, 4, 5, 6, 7, 8, 9, 10, 11, 12, 13, 14, 15, 16, 17], 'time': 2.76}
{'pid': 2430, 'target': ['Value', 'X', 'Z'], 'guess': 34.0, 'correctness': 'yes', 'steps': 3, 'step_lst': [2, 4, 5], 'time': 3.03}
{'pid': 2431, 'target': None, 'guess': None, 'correctness': 'no', 'steps': 0, 'step_lst': [], 'time': 150.03}
{'pid': 2432, 'target': ['Area', 'B', 'C', 'E', 'D'], 'guess': None, 'correctness': 'no', 'steps': 102, 'step_lst': [1, 2, 3, 4, 5, 6, 7, 8, 9, 10, 11, 12, 13, 14, 15, 16, 17, 1, 2, 3, 4, 5, 6, 7, 8, 9, 10, 11, 12, 13, 14, 15, 16, 17, 1, 2, 3, 4, 5, 6, 7, 8, 9, 10, 11, 12, 13, 14, 15, 16, 17, 1, 2, 3, 4, 5, 6, 7, 8, 9, 10, 11, 12, 13, 14, 15, 16, 17, 1, 2, 3, 4, 5, 6, 7, 8, 9, 10, 11, 12, 13, 14, 15, 16, 17, 1, 2, 3, 4, 5, 6, 7, 8, 9, 10, 11, 12, 13, 14, 15, 16, 17], 'time': 4.62}
{'pid': 2433, 'target': ['Value', 'x'], 'guess': 14.722431864335501, 'correctness': 'yes', 'steps': 29, 'step_lst': [9, 1, 2, 3, 4, 5, 6, 7, 8, 9, 10, 11, 1, 2, 3, 4, 5, 6, 7, 8, 9, 10, 11, 12, 13, 14, 15, 16, 17], 'time': 4.05}
{'pid': 2434, 'target': ['Value', 'G', 'H'], 'guess': None, 'correctness': 'no', 'steps': 103, 'step_lst': [3, 1, 2, 3, 4, 5, 6, 7, 8, 9, 10, 11, 12, 13, 14, 15, 16, 17, 1, 2, 3, 4, 5, 6, 7, 8, 9, 10, 11, 12, 13, 14, 15, 16, 17, 1, 2, 3, 4, 5, 6, 7, 8, 9, 10, 11, 12, 13, 14, 15, 16, 17, 1, 2, 3, 4, 5, 6, 7, 8, 9, 10, 11, 12, 13, 14, 15, 16, 17, 1, 2, 3, 4, 5, 6, 7, 8, 9, 10, 11, 12, 13, 14, 15, 16, 17, 1, 2, 3, 4, 5, 6, 7, 8, 9, 10, 11, 12, 13, 14, 15, 16, 17], 'time': 4.7}
{'pid': 2435, 'target': ['Value', 'x'], 'guess': 115.0, 'correctness': 'yes', 'steps': 1, 'step_lst': [1], 'time': 1.4}
{'pid': 2436, 'target': ['Value', 'angle 2'], 'guess': 150.0, 'correctness': 'yes', 'steps': 1, 'step_lst': [1], 'time': 9.11}
{'pid': 2437, 'target': ['Value', 'V', 'X', 'W'], 'guess': 0.0, 'correctness': 'no', 'steps': 1, 'step_lst': [7], 'time': 28.14}
{'pid': 2438, 'target': ['Value', 'W', 'R'], 'guess': None, 'correctness': 'no', 'steps': 21, 'step_lst': [11, 2, 14, 10, 1, 2, 3, 4, 5, 6, 7, 8, 9, 10, 11, 12, 13, 14, 15, 16, 17], 'time': 4.4}
{'pid': 2439, 'target': ['Value', 'R', 'S', 'T'], 'guess': None, 'correctness': 'no', 'steps': 32, 'step_lst': [8, 3, 4, 3, 1, 2, 3, 4, 5, 6, 7, 8, 9, 10, 11, 1, 2, 3, 4, 5, 6, 7, 8, 9, 10, 11, 12, 13, 14, 15, 16, 17], 'time': 2.5}
{'pid': 2440, 'target': ['Value', 'A', 'D', 'C'], 'guess': None, 'correctness': 'no', 'steps': 113, 'step_lst': [1, 2, 3, 4, 5, 6, 7, 8, 9, 10, 11, 1, 2, 3, 4, 5, 6, 7, 8, 9, 10, 11, 12, 13, 14, 15, 16, 17, 1, 2, 3, 4, 5, 6, 7, 8, 9, 10, 11, 12, 13, 14, 15, 16, 17, 1, 2, 3, 4, 5, 6, 7, 8, 9, 10, 11, 12, 13, 14, 15, 16, 17, 1, 2, 3, 4, 5, 6, 7, 8, 9, 10, 11, 12, 13, 14, 15, 16, 17, 1, 2, 3, 4, 5, 6, 7, 8, 9, 10, 11, 12, 13, 14, 15, 16, 17, 1, 2, 3, 4, 5, 6, 7, 8, 9, 10, 11, 12, 13, 14, 15, 16, 17], 'time': 5.21}
{'pid': 2441, 'target': ['Value', 'angle 1'], 'guess': 110.0, 'correctness': 'yes', 'steps': 10, 'step_lst': [1, 2, 3, 4, 5, 6, 7, 8, 9, 10], 'time': 6.79}
{'pid': 2442, 'target': ['Value', 'x'], 'guess': 90.0, 'correctness': 'yes', 'steps': 2, 'step_lst': [1, 2], 'time': 13.6}
{'pid': 2443, 'target': ['Value', 'angle 1'], 'guess': 108.0, 'correctness': 'yes', 'steps': 2, 'step_lst': [10, 1], 'time': 2.08}
{'pid': 2444, 'target': ['Value', 'x'], 'guess': 37.20724357478334, 'correctness': 'yes', 'steps': 45, 'step_lst': [2, 1, 2, 3, 4, 5, 6, 7, 8, 9, 10, 11, 1, 2, 3, 4, 5, 6, 7, 8, 9, 10, 11, 12, 13, 14, 15, 16, 17, 1, 2, 3, 4, 5, 6, 7, 8, 9, 10, 11, 12, 13, 14, 15, 16], 'time': 13.4}
{'pid': 2445, 'target': None, 'guess': None, 'correctness': 'no', 'steps': 0, 'step_lst': [], 'time': 150.02}
{'pid': 2446, 'target': ['Value', 'M', 'B'], 'guess': 12.0, 'correctness': 'no', 'steps': 5, 'step_lst': [1, 2, 3, 4, 5], 'time': 109.02}
{'pid': 2447, 'target': ['Value', 'y'], 'guess': None, 'correctness': 'no', 'steps': 37, 'step_lst': [4, 2, 3, 1, 2, 3, 4, 5, 6, 7, 8, 9, 10, 11, 12, 13, 14, 15, 16, 17, 1, 2, 3, 4, 5, 6, 7, 8, 9, 10, 11, 12, 13, 14, 15, 16, 17], 'time': 1.13}
{'pid': 2448, 'target': ['Value', 'y'], 'guess': 9.999999999999954, 'correctness': 'yes', 'steps': 19, 'step_lst': [1, 10, 1, 2, 3, 4, 5, 6, 7, 8, 9, 10, 11, 12, 13, 14, 15, 16, 17], 'time': 2.13}
{'pid': 2449, 'target': ['Value', 'B', 'W', 'Y'], 'guess': 553.0, 'correctness': 'no', 'steps': 24, 'step_lst': [1, 2, 3, 4, 5, 6, 7, 8, 9, 10, 11, 1, 2, 3, 4, 5, 6, 7, 8, 9, 10, 11, 12, 13], 'time': 96.25}
{'pid': 2450, 'target': None, 'guess': None, 'correctness': 'no', 'steps': 0, 'step_lst': [], 'time': 0.13}
{'pid': 2451, 'target': ['Value', 'S', 'R', 'Q'], 'guess': 29.088022138078628, 'correctness': 'yes', 'steps': 28, 'step_lst': [10, 1, 2, 3, 4, 5, 6, 7, 8, 9, 10, 11, 1, 2, 3, 4, 5, 6, 7, 8, 9, 10, 11, 12, 13, 14, 15, 16], 'time': 5.27}
{'pid': 2452, 'target': ['Value', 'angle 5'], 'guess': None, 'correctness': 'no', 'steps': 113, 'step_lst': [1, 2, 3, 4, 5, 6, 7, 8, 9, 10, 11, 1, 2, 3, 4, 5, 6, 7, 8, 9, 10, 11, 12, 13, 14, 15, 16, 17, 1, 2, 3, 4, 5, 6, 7, 8, 9, 10, 11, 12, 13, 14, 15, 16, 17, 1, 2, 3, 4, 5, 6, 7, 8, 9, 10, 11, 12, 13, 14, 15, 16, 17, 1, 2, 3, 4, 5, 6, 7, 8, 9, 10, 11, 12, 13, 14, 15, 16, 17, 1, 2, 3, 4, 5, 6, 7, 8, 9, 10, 11, 12, 13, 14, 15, 16, 17, 1, 2, 3, 4, 5, 6, 7, 8, 9, 10, 11, 12, 13, 14, 15, 16, 17], 'time': 68.48}
{'pid': 2453, 'target': ['Value', 'x'], 'guess': 2.75, 'correctness': 'yes', 'steps': 2, 'step_lst': [9, 6], 'time': 11.01}
{'pid': 2454, 'target': ['Value', 'x'], 'guess': 9.27615613284144, 'correctness': 'yes', 'steps': 30, 'step_lst': [10, 5, 1, 2, 3, 4, 5, 6, 7, 8, 9, 10, 11, 1, 2, 3, 4, 5, 6, 7, 8, 9, 10, 11, 12, 13, 14, 15, 16, 17], 'time': 1.16}
{'pid': 2455, 'target': ['Perimeter', '$'], 'guess': None, 'correctness': 'no', 'steps': 32, 'step_lst': [3, 10, 16, 3, 1, 2, 3, 4, 5, 6, 7, 8, 9, 10, 11, 1, 2, 3, 4, 5, 6, 7, 8, 9, 10, 11, 12, 13, 14, 15, 16, 17], 'time': 2.5}
{'pid': 2456, 'target': None, 'guess': None, 'correctness': 'no', 'steps': 0, 'step_lst': [], 'time': 0.01}
{'pid': 2457, 'target': ['Value', 'x'], 'guess': 70.0, 'correctness': 'yes', 'steps': 3, 'step_lst': [11, 10, 16], 'time': 0.29}
{'pid': 2458, 'target': None, 'guess': None, 'correctness': 'no', 'steps': 0, 'step_lst': [], 'time': 150.04}
{'pid': 2459, 'target': ['Value', 'K', 'L', 'P'], 'guess': None, 'correctness': 'no', 'steps': 107, 'step_lst': [1, 2, 3, 4, 5, 6, 7, 8, 9, 10, 11, 1, 2, 3, 4, 5, 6, 7, 8, 9, 10, 11, 1, 2, 3, 4, 5, 6, 7, 8, 9, 10, 11, 12, 13, 14, 15, 16, 17, 1, 2, 3, 4, 5, 6, 7, 8, 9, 10, 11, 12, 13, 14, 15, 16, 17, 1, 2, 3, 4, 5, 6, 7, 8, 9, 10, 11, 12, 13, 14, 15, 16, 17, 1, 2, 3, 4, 5, 6, 7, 8, 9, 10, 11, 12, 13, 14, 15, 16, 17, 1, 2, 3, 4, 5, 6, 7, 8, 9, 10, 11, 12, 13, 14, 15, 16, 17], 'time': 132.54}
{'pid': 2460, 'target': ['Value', 'x'], 'guess': 97.52937519566717, 'correctness': 'yes', 'steps': 31, 'step_lst': [10, 3, 10, 3, 1, 2, 3, 4, 5, 6, 7, 8, 9, 10, 11, 1, 2, 3, 4, 5, 6, 7, 8, 9, 10, 11, 12, 13, 14, 15, 16], 'time': 4.83}
{'pid': 2461, 'target': None, 'guess': None, 'correctness': 'no', 'steps': 0, 'step_lst': [], 'time': 150.13}
{'pid': 2462, 'target': None, 'guess': None, 'correctness': 'no', 'steps': 0, 'step_lst': [], 'time': 1.93}
{'pid': 2463, 'target': ['Value', 'y'], 'guess': 22.627416997969522, 'correctness': 'yes', 'steps': 26, 'step_lst': [3, 1, 2, 3, 4, 5, 6, 7, 8, 9, 10, 11, 1, 2, 3, 4, 5, 6, 7, 8, 9, 10, 11, 12, 13, 14], 'time': 4.88}
{'pid': 2464, 'target': ['Value', 'W', 'X'], 'guess': None, 'correctness': 'no', 'steps': 17, 'step_lst': [1, 2, 3, 4, 5, 6, 7, 8, 9, 10, 11, 12, 13, 14, 15, 16, 17], 'time': 16.71}
{'pid': 2465, 'target': None, 'guess': None, 'correctness': 'no', 'steps': 0, 'step_lst': [], 'time': 150.08}
{'pid': 2466, 'target': ['Value', 'A', 'E'], 'guess': 15.0, 'correctness': 'yes', 'steps': 25, 'step_lst': [1, 2, 3, 4, 5, 6, 7, 8, 9, 10, 11, 1, 2, 3, 4, 5, 6, 7, 8, 9, 10, 11, 12, 13, 14], 'time': 7.89}
{'pid': 2467, 'target': ['Value', 'N', 'C', 'L'], 'guess': 120.0, 'correctness': 'yes', 'steps': 1, 'step_lst': [1], 'time': 19.5}
{'pid': 2468, 'target': None, 'guess': None, 'correctness': 'no', 'steps': 0, 'step_lst': [], 'time': 0.08}
{'pid': 2469, 'target': ['Value', 'x'], 'guess': 30.0, 'correctness': 'yes', 'steps': 5, 'step_lst': [10, 1, 2, 3, 4], 'time': 0.72}
{'pid': 2470, 'target': None, 'guess': None, 'correctness': 'no', 'steps': 0, 'step_lst': [], 'time': 0.08}
{'pid': 2471, 'target': ['Area', 'A', 'B', 'C', 'D'], 'guess': None, 'correctness': 'no', 'steps': 115, 'step_lst': [10, 1, 1, 2, 3, 4, 5, 6, 7, 8, 9, 10, 11, 1, 2, 3, 4, 5, 6, 7, 8, 9, 10, 11, 12, 13, 14, 15, 16, 17, 1, 2, 3, 4, 5, 6, 7, 8, 9, 10, 11, 12, 13, 14, 15, 16, 17, 1, 2, 3, 4, 5, 6, 7, 8, 9, 10, 11, 12, 13, 14, 15, 16, 17, 1, 2, 3, 4, 5, 6, 7, 8, 9, 10, 11, 12, 13, 14, 15, 16, 17, 1, 2, 3, 4, 5, 6, 7, 8, 9, 10, 11, 12, 13, 14, 15, 16, 17, 1, 2, 3, 4, 5, 6, 7, 8, 9, 10, 11, 12, 13, 14, 15, 16, 17], 'time': 9.6}
{'pid': 2472, 'target': None, 'guess': None, 'correctness': 'no', 'steps': 0, 'step_lst': [], 'time': 0.1}
{'pid': 2473, 'target': ['Value', 'x'], 'guess': None, 'correctness': 'no', 'steps': 47, 'step_lst': [1, 3, 1, 2, 3, 4, 5, 6, 7, 8, 9, 10, 11, 1, 2, 3, 4, 5, 6, 7, 8, 9, 10, 11, 12, 13, 14, 15, 16, 17, 1, 2, 3, 4, 5, 6, 7, 8, 9, 10, 11, 12, 13, 14, 15, 16, 17], 'time': 9.37}
{'pid': 2474, 'target': ['Value', 'N', 'M', 'B'], 'guess': None, 'correctness': 'no', 'steps': 102, 'step_lst': [10, 13, 1, 3, 10, 2, 1, 2, 3, 4, 5, 6, 7, 8, 9, 10, 11, 1, 2, 3, 4, 5, 6, 7, 8, 9, 10, 11, 12, 13, 14, 15, 16, 17, 1, 2, 3, 4, 5, 6, 7, 8, 9, 10, 11, 12, 13, 14, 15, 16, 17, 1, 2, 3, 4, 5, 6, 7, 8, 9, 10, 11, 12, 13, 14, 15, 16, 17, 1, 2, 3, 4, 5, 6, 7, 8, 9, 10, 11, 12, 13, 14, 15, 16, 17, 1, 2, 3, 4, 5, 6, 7, 8, 9, 10, 11, 12, 13, 14, 15, 16, 17], 'time': 25.68}
{'pid': 2475, 'target': ['Value', 'x'], 'guess': 18.0, 'correctness': 'yes', 'steps': 10, 'step_lst': [1, 2, 3, 4, 5, 6, 7, 8, 9, 10], 'time': 5.51}
{'pid': 2476, 'target': ['Value', 'R', 'M', 'N'], 'guess': 109.0, 'correctness': 'yes', 'steps': 1, 'step_lst': [1], 'time': 3.0}
{'pid': 2477, 'target': ['Value', 'C', 'B', 'A'], 'guess': 122.0, 'correctness': 'no', 'steps': 0, 'step_lst': [], 'time': 0.43}
{'pid': 2478, 'target': None, 'guess': None, 'correctness': 'no', 'steps': 0, 'step_lst': [], 'time': 0.49}
{'pid': 2479, 'target': ['Value', 'U', 'T'], 'guess': None, 'correctness': 'no', 'steps': 45, 'step_lst': [1, 2, 3, 4, 5, 6, 7, 8, 9, 10, 11, 1, 2, 3, 4, 5, 6, 7, 8, 9, 10, 11, 12, 13, 14, 15, 16, 17, 1, 2, 3, 4, 5, 6, 7, 8, 9, 10, 11, 12, 13, 14, 15, 16, 17], 'time': 84.09}
{'pid': 2480, 'target': None, 'guess': None, 'correctness': 'no', 'steps': 0, 'step_lst': [], 'time': 78.32}
{'pid': 2481, 'target': ['Value', 'x'], 'guess': 11.0, 'correctness': 'yes', 'steps': 1, 'step_lst': [1], 'time': 0.6}
{'pid': 2482, 'target': ['Value', 'x'], 'guess': 5.656854249492381, 'correctness': 'yes', 'steps': 28, 'step_lst': [5, 1, 2, 3, 4, 5, 6, 7, 8, 9, 10, 11, 1, 2, 3, 4, 5, 6, 7, 8, 9, 10, 11, 12, 13, 14, 15, 16], 'time': 0.72}
{'pid': 2483, 'target': ['Value', 'Q', 'P'], 'guess': None, 'correctness': 'no', 'steps': 113, 'step_lst': [1, 2, 3, 4, 5, 6, 7, 8, 9, 10, 11, 1, 2, 3, 4, 5, 6, 7, 8, 9, 10, 11, 12, 13, 14, 15, 16, 17, 1, 2, 3, 4, 5, 6, 7, 8, 9, 10, 11, 12, 13, 14, 15, 16, 17, 1, 2, 3, 4, 5, 6, 7, 8, 9, 10, 11, 12, 13, 14, 15, 16, 17, 1, 2, 3, 4, 5, 6, 7, 8, 9, 10, 11, 12, 13, 14, 15, 16, 17, 1, 2, 3, 4, 5, 6, 7, 8, 9, 10, 11, 12, 13, 14, 15, 16, 17, 1, 2, 3, 4, 5, 6, 7, 8, 9, 10, 11, 12, 13, 14, 15, 16, 17], 'time': 24.88}
{'pid': 2484, 'target': ['Value', 'x'], 'guess': 17.88854381999832, 'correctness': 'yes', 'steps': 29, 'step_lst': [10, 10, 1, 2, 3, 4, 5, 6, 7, 8, 9, 10, 11, 1, 2, 3, 4, 5, 6, 7, 8, 9, 10, 11, 12, 13, 14, 15, 16], 'time': 0.66}
{'pid': 2485, 'target': ['Value', 'A', 'E', 'B'], 'guess': 90.0, 'correctness': 'yes', 'steps': 0, 'step_lst': [], 'time': 1.02}
{'pid': 2486, 'target': ['Value', 'arc_measure', 'A', 'B', 'C'], 'guess': 67.0, 'correctness': 'yes', 'steps': 15, 'step_lst': [1, 2, 3, 4, 5, 6, 7, 8, 9, 10, 11, 1, 2, 3, 4], 'time': 7.08}
{'pid': 2487, 'target': None, 'guess': None, 'correctness': 'no', 'steps': 0, 'step_lst': [], 'time': 38.51}
{'pid': 2488, 'target': None, 'guess': None, 'correctness': 'no', 'steps': 0, 'step_lst': [], 'time': 0.14}
{'pid': 2489, 'target': ['Value', 'A', 'R', 'S'], 'guess': 58.0, 'correctness': 'yes', 'steps': 15, 'step_lst': [16, 1, 1, 2, 3, 4, 5, 6, 7, 8, 9, 10, 11, 12, 13], 'time': 0.54}
{'pid': 2490, 'target': ['Value', 'x'], 'guess': 5.0, 'correctness': 'yes', 'steps': 1, 'step_lst': [1], 'time': 3.7}
{'pid': 2491, 'target': ['CosOf', ['Value', 'C', 'B', 'A']], 'guess': 0.3846153846153847, 'correctness': 'yes', 'steps': 29, 'step_lst': [9, 10, 1, 2, 3, 4, 5, 6, 7, 8, 9, 10, 11, 1, 2, 3, 4, 5, 6, 7, 8, 9, 10, 11, 12, 13, 14, 15, 16], 'time': 2.36}
{'pid': 2492, 'target': None, 'guess': None, 'correctness': 'no', 'steps': 0, 'step_lst': [], 'time': 29.53}
{'pid': 2493, 'target': ['Value', 'F', 'G'], 'guess': 48.0, 'correctness': 'yes', 'steps': 16, 'step_lst': [1, 2, 3, 4, 5, 6, 7, 8, 9, 10, 11, 1, 2, 3, 4, 5], 'time': 148.77}
{'pid': 2494, 'target': ['Value', 'x'], 'guess': None, 'correctness': 'no', 'steps': 113, 'step_lst': [1, 2, 3, 4, 5, 6, 7, 8, 9, 10, 11, 1, 2, 3, 4, 5, 6, 7, 8, 9, 10, 11, 12, 13, 14, 15, 16, 17, 1, 2, 3, 4, 5, 6, 7, 8, 9, 10, 11, 12, 13, 14, 15, 16, 17, 1, 2, 3, 4, 5, 6, 7, 8, 9, 10, 11, 12, 13, 14, 15, 16, 17, 1, 2, 3, 4, 5, 6, 7, 8, 9, 10, 11, 12, 13, 14, 15, 16, 17, 1, 2, 3, 4, 5, 6, 7, 8, 9, 10, 11, 12, 13, 14, 15, 16, 17, 1, 2, 3, 4, 5, 6, 7, 8, 9, 10, 11, 12, 13, 14, 15, 16, 17], 'time': 63.09}
{'pid': 2495, 'target': ['Value', 'z'], 'guess': 13.333333333333334, 'correctness': 'yes', 'steps': 21, 'step_lst': [17, 3, 7, 3, 1, 1, 2, 3, 4, 5, 6, 7, 8, 9, 10, 11, 12, 13, 14, 15, 16], 'time': 4.41}
{'pid': 2496, 'target': None, 'guess': None, 'correctness': 'no', 'steps': 0, 'step_lst': [], 'time': 150.03}
{'pid': 2497, 'target': None, 'guess': None, 'correctness': 'no', 'steps': 0, 'step_lst': [], 'time': 51.4}
{'pid': 2498, 'target': ['Value', 'angle 1'], 'guess': None, 'correctness': 'no', 'steps': 54, 'step_lst': [14, 12, 4, 16, 17, 2, 2, 5, 3, 1, 2, 3, 4, 5, 6, 7, 8, 9, 10, 11, 1, 2, 3, 4, 5, 6, 7, 8, 9, 10, 11, 12, 13, 14, 15, 16, 17, 1, 2, 3, 4, 5, 6, 7, 8, 9, 10, 11, 12, 13, 14, 15, 16, 17], 'time': 5.8}
{'pid': 2499, 'target': ['Value', 'x'], 'guess': 14.0, 'correctness': 'yes', 'steps': 1, 'step_lst': [17], 'time': 0.22}
{'pid': 2500, 'target': None, 'guess': None, 'correctness': 'no', 'steps': 0, 'step_lst': [], 'time': 150.04}
{'pid': 2501, 'target': ['Value', 'T', 'Q'], 'guess': 6.0, 'correctness': 'yes', 'steps': 25, 'step_lst': [1, 2, 3, 4, 5, 6, 7, 8, 9, 10, 11, 1, 2, 3, 4, 5, 6, 7, 8, 9, 10, 11, 12, 13, 14], 'time': 4.58}
{'pid': 2502, 'target': ['Value', 'angle 4'], 'guess': None, 'correctness': 'no', 'steps': 46, 'step_lst': [1, 1, 2, 3, 4, 5, 6, 7, 8, 9, 10, 11, 1, 2, 3, 4, 5, 6, 7, 8, 9, 10, 11, 12, 13, 14, 15, 16, 17, 1, 2, 3, 4, 5, 6, 7, 8, 9, 10, 11, 12, 13, 14, 15, 16, 17], 'time': 1.81}
{'pid': 2503, 'target': None, 'guess': None, 'correctness': 'no', 'steps': 0, 'step_lst': [], 'time': 37.82}
{'pid': 2504, 'target': ['Value', 'x'], 'guess': 43.85706600244612, 'correctness': 'yes', 'steps': 31, 'step_lst': [10, 17, 5, 10, 1, 2, 3, 4, 5, 6, 7, 8, 9, 10, 11, 1, 2, 3, 4, 5, 6, 7, 8, 9, 10, 11, 12, 13, 14, 15, 16], 'time': 1.11}
{'pid': 2505, 'target': ['Area', 'A', 'C', 'B', 'D'], 'guess': None, 'correctness': 'no', 'steps': 101, 'step_lst': [6, 4, 17, 7, 1, 1, 2, 3, 4, 5, 6, 7, 8, 9, 10, 11, 1, 2, 3, 4, 5, 6, 7, 8, 9, 10, 11, 12, 13, 14, 15, 16, 17, 1, 2, 3, 4, 5, 6, 7, 8, 9, 10, 11, 12, 13, 14, 15, 16, 17, 1, 2, 3, 4, 5, 6, 7, 8, 9, 10, 11, 12, 13, 14, 15, 16, 17, 1, 2, 3, 4, 5, 6, 7, 8, 9, 10, 11, 12, 13, 14, 15, 16, 17, 1, 2, 3, 4, 5, 6, 7, 8, 9, 10, 11, 12, 13, 14, 15, 16, 17], 'time': 116.16}
{'pid': 2506, 'target': ['Value', 'K', 'J', 'L'], 'guess': 30.0, 'correctness': 'yes', 'steps': 6, 'step_lst': [1, 2, 3, 4, 5, 6], 'time': 23.2}
{'pid': 2507, 'target': None, 'guess': None, 'correctness': 'no', 'steps': 0, 'step_lst': [], 'time': 39.18}
{'pid': 2508, 'target': ['Value', 'x'], 'guess': None, 'correctness': 'no', 'steps': 29, 'step_lst': [10, 1, 2, 3, 4, 5, 6, 7, 8, 9, 10, 11, 1, 2, 3, 4, 5, 6, 7, 8, 9, 10, 11, 12, 13, 14, 15, 16, 17], 'time': 1.1}
{'pid': 2509, 'target': None, 'guess': None, 'correctness': 'no', 'steps': 0, 'step_lst': [], 'time': 87.94}
{'pid': 2510, 'target': None, 'guess': None, 'correctness': 'no', 'steps': 0, 'step_lst': [], 'time': 150.05}
{'pid': 2511, 'target': ['Value', 'x'], 'guess': 14.142135623730951, 'correctness': 'yes', 'steps': 28, 'step_lst': [2, 1, 2, 3, 4, 5, 6, 7, 8, 9, 10, 11, 1, 2, 3, 4, 5, 6, 7, 8, 9, 10, 11, 12, 13, 14, 15, 16], 'time': 1.81}
{'pid': 2512, 'target': ['Value', 'x'], 'guess': None, 'correctness': 'no', 'steps': 114, 'step_lst': [2, 1, 2, 3, 4, 5, 6, 7, 8, 9, 10, 11, 1, 2, 3, 4, 5, 6, 7, 8, 9, 10, 11, 12, 13, 14, 15, 16, 17, 1, 2, 3, 4, 5, 6, 7, 8, 9, 10, 11, 12, 13, 14, 15, 16, 17, 1, 2, 3, 4, 5, 6, 7, 8, 9, 10, 11, 12, 13, 14, 15, 16, 17, 1, 2, 3, 4, 5, 6, 7, 8, 9, 10, 11, 12, 13, 14, 15, 16, 17, 1, 2, 3, 4, 5, 6, 7, 8, 9, 10, 11, 12, 13, 14, 15, 16, 17, 1, 2, 3, 4, 5, 6, 7, 8, 9, 10, 11, 12, 13, 14, 15, 16, 17], 'time': 21.04}
{'pid': 2513, 'target': ['Value', 'x'], 'guess': 5.77694768474289, 'correctness': 'yes', 'steps': 19, 'step_lst': [11, 1, 1, 2, 3, 4, 5, 6, 7, 8, 9, 10, 11, 12, 13, 14, 15, 16, 17], 'time': 0.99}
{'pid': 2514, 'target': None, 'guess': None, 'correctness': 'no', 'steps': 0, 'step_lst': [], 'time': 2.4}
{'pid': 2515, 'target': None, 'guess': None, 'correctness': 'no', 'steps': 0, 'step_lst': [], 'time': 1.81}
{'pid': 2516, 'target': None, 'guess': None, 'correctness': 'no', 'steps': 0, 'step_lst': [], 'time': 150.07}
{'pid': 2517, 'target': None, 'guess': None, 'correctness': 'no', 'steps': 0, 'step_lst': [], 'time': 150.05}
{'pid': 2518, 'target': ['CosOf', ['Value', 'V', 'X', 'W']], 'guess': 0.28, 'correctness': 'yes', 'steps': 2, 'step_lst': [10, 16], 'time': 4.08}
{'pid': 2519, 'target': None, 'guess': None, 'correctness': 'no', 'steps': 0, 'step_lst': [], 'time': 150.03}
{'pid': 2520, 'target': None, 'guess': None, 'correctness': 'no', 'steps': 0, 'step_lst': [], 'time': 1.01}

Solved list:  [2421, 2423, 2424, 2425, 2430, 2433, 2435, 2436, 2437, 2441, 2442, 2443, 2444, 2446, 2448, 2449, 2451, 2453, 2454, 2457, 2460, 2463, 2466, 2467, 2469, 2475, 2476, 2477, 2481, 2482, 2484, 2485, 2486, 2489, 2490, 2491, 2493, 2495, 2499, 2501, 2504, 2506, 2511, 2513, 2518]
Solved and correct list:  [2421, 2423, 2424, 2425, 2430, 2433, 2435, 2436, 2441, 2442, 2443, 2444, 2448, 2451, 2453, 2454, 2457, 2460, 2463, 2466, 2467, 2469, 2475, 2476, 2481, 2482, 2484, 2485, 2486, 2489, 2490, 2491, 2493, 2495, 2499, 2501, 2504, 2506, 2511, 2513, 2518]
Solved but wrong list:  [2437, 2446, 2449, 2477]
Unsolved list:  [2420, 2422, 2426, 2427, 2428, 2429, 2431, 2432, 2434, 2438, 2439, 2440, 2445, 2447, 2450, 2452, 2455, 2456, 2458, 2459, 2461, 2462, 2464, 2465, 2468, 2470, 2471, 2472, 2473, 2474, 2478, 2479, 2480, 2483, 2487, 2488, 2492, 2494, 2496, 2497, 2498, 2500, 2502, 2503, 2505, 2507, 2508, 2509, 2510, 2512, 2514, 2515, 2516, 2517, 2519, 2520]

num_solved: 45 (44.55%)
num_solved_correct: 41 (40.59%)
num_solved_wrong: 4 (3.96%)
num_guessed_correct: 55.0 (54.46%)

Average steps for all problems: 53.80
Average steps for solved problems: 12.78
Average time for all problems: 71.41 seconds
Average time for solved problems: 12.55 seconds
Real total time: 246 seconds
